2024/02/15 12:30:10 PyTic        INFO     Network is connected - Keysight Technologies,N5234B,MY58421805,A.14.80.08
2024/02/15 12:30:10 PyTic        INFO     Network configed
2024/02/15 12:30:10 PyTic        INFO     Newmark is connected at COM5
2024/02/15 12:30:10 PyTic        INFO     Positioner is connected
2024/02/15 12:30:10 __main__     INFO     Positioner: None, Gimbal: None, Signal: None
2024/02/15 12:30:11 __main__     INFO     Positioner: (0.0, 0.0), Gimbal: (-1.6, 0.0), Signal: -63.0
2024/02/15 12:30:12 PyTic        INFO     System mode set to - idle
2024/02/15 12:30:12 __main__     INFO     Positioner: (0.0, 0.0), Gimbal: (-2.0, 0.0), Signal: -67.0
2024/02/15 12:30:13 PyTic        INFO     System mode set to - search
2024/02/15 12:30:13 PyTic        INFO     Gimbal speed set to: (10, 10) [deg/sec]
2024/02/15 12:30:13 PyTic        INFO     Gimbal acceleration set to: (5, 5) [deg/sec^2]
2024/02/15 12:30:13 PyTic        INFO     Algo=Search, range=3
2024/02/15 12:30:13 __main__     INFO     Positioner: (0.0, 0.0), Gimbal: (-1.8, 0.0), Signal: -68.2
2024/02/15 12:30:14 __main__     INFO     Positioner: (0.0, 0.0), Gimbal: (-1.8, 0.5), Signal: -71.2
2024/02/15 12:30:15 __main__     INFO     Positioner: (0.0, 0.0), Gimbal: (-2.3, 0.4), Signal: -73.7
2024/02/15 12:30:16 __main__     INFO     Positioner: (0.0, 0.0), Gimbal: (-2.5, 0.0), Signal: -68.5
2024/02/15 12:30:17 __main__     INFO     Positioner: (0.0, 0.0), Gimbal: (-2.3, -0.4), Signal: -71.1
2024/02/15 12:30:18 __main__     INFO     Positioner: (0.0, 0.0), Gimbal: (-1.8, -0.4), Signal: -60.1
2024/02/15 12:30:19 __main__     INFO     Positioner: (0.0, 0.0), Gimbal: (-1.4, 0.0), Signal: -58.6
2024/02/15 12:30:20 __main__     INFO     Positioner: (0.0, 0.0), Gimbal: (-1.1, 0.4), Signal: -53.7
2024/02/15 12:30:20 PyTic        INFO     System mode set to - track_signal_ESC
2024/02/15 12:30:20 PyTic        INFO     Gimbal speed set to: (10, 10) [deg/sec]
2024/02/15 12:30:21 PyTic        INFO     Gimbal acceleration set to: (5, 5) [deg/sec^2]
2024/02/15 12:30:21 PyTic        INFO     Algo=ESC, sample_freq=10, A=0.1, omega_Hz=1, phase=1, K=1
2024/02/15 12:30:21 PyTic        INFO     Algo=ESC, sample_freq=10, A=0.1, omega_Hz=1, phase=1, K=1
2024/02/15 12:30:21 __main__     INFO     Positioner: (0.0, 0.0), Gimbal: (-1.1, 0.4), Signal: -55.1
2024/02/15 12:30:22 __main__     INFO     Positioner: (0.0, 0.0), Gimbal: (-1.2, 0.5), Signal: -55.6
2024/02/15 12:30:23 __main__     INFO     Positioner: (0.0, 0.0), Gimbal: (-1.1, 0.3), Signal: -55.5
2024/02/15 12:30:24 __main__     INFO     Positioner: (0.0, 0.0), Gimbal: (-0.7, 0.4), Signal: -50.7
2024/02/15 12:30:25 __main__     INFO     Positioner: (0.0, 0.0), Gimbal: (-0.7, 0.5), Signal: -50.9
2024/02/15 12:30:26 __main__     INFO     Positioner: (0.0, 0.0), Gimbal: (-0.8, 0.3), Signal: -51.0
2024/02/15 12:30:27 __main__     INFO     Positioner: (0.0, 0.0), Gimbal: (-0.4, 0.0), Signal: -47.1
2024/02/15 12:30:28 __main__     INFO     Positioner: (0.0, 0.0), Gimbal: (-0.2, 0.2), Signal: -45.4
2024/02/15 12:30:29 __main__     INFO     Positioner: (0.0, 0.0), Gimbal: (-0.2, 0.3), Signal: -45.9
2024/02/15 12:30:30 __main__     INFO     Positioner: (0.0, 0.0), Gimbal: (-0.3, 0.1), Signal: -45.6
2024/02/15 12:30:31 __main__     INFO     Positioner: (0.0, 0.0), Gimbal: (-0.1, 0.1), Signal: -45.3
2024/02/15 12:30:33 __main__     INFO     Positioner: (0.0, 0.0), Gimbal: (-0.1, 0.3), Signal: -45.5
2024/02/15 12:30:34 __main__     INFO     Positioner: (0.0, 0.0), Gimbal: (-0.1, 0.2), Signal: -45.7
2024/02/15 12:30:35 __main__     INFO     Positioner: (0.0, 0.0), Gimbal: (-0.1, 0.1), Signal: -45.1
2024/02/15 12:30:36 __main__     INFO     Positioner: (0.0, 0.0), Gimbal: (0.0, 0.2), Signal: -45.0
2024/02/15 12:30:37 __main__     INFO     Positioner: (0.0, 0.0), Gimbal: (-0.1, 0.2), Signal: -44.7
2024/02/15 12:30:38 __main__     INFO     Positioner: (0.0, 0.0), Gimbal: (-0.1, 0.0), Signal: -44.9
2024/02/15 12:30:39 __main__     INFO     Positioner: (0.0, 0.0), Gimbal: (0.1, 0.2), Signal: -45.1
2024/02/15 12:30:40 __main__     INFO     Positioner: (0.0, 0.0), Gimbal: (-0.0, 0.2), Signal: -45.6
2024/02/15 12:30:41 __main__     INFO     Positioner: (0.0, 0.0), Gimbal: (-0.1, 0.1), Signal: -44.8
2024/02/15 12:30:42 __main__     INFO     Positioner: (0.0, 0.0), Gimbal: (0.1, 0.0), Signal: -45.1
2024/02/15 12:30:43 __main__     INFO     Positioner: (0.0, 0.0), Gimbal: (0.1, 0.2), Signal: -45.1
2024/02/15 12:30:44 __main__     INFO     Positioner: (0.0, 0.0), Gimbal: (-0.0, 0.1), Signal: -45.2
2024/02/15 12:30:45 __main__     INFO     Positioner: (0.0, 0.0), Gimbal: (-0.0, -0.0), Signal: -45.1
2024/02/15 12:30:46 __main__     INFO     Positioner: (0.0, 0.0), Gimbal: (0.1, 0.1), Signal: -45.2
2024/02/15 12:30:47 __main__     INFO     Positioner: (0.0, 0.0), Gimbal: (0.1, 0.2), Signal: -44.9
2024/02/15 12:30:48 __main__     INFO     User cmd: exit
2024/02/15 12:30:48 PyTic        INFO     Positioner disconnected
2024/02/15 12:30:48 PyTic        INFO     Newmark disconnected
2024/02/15 12:30:48 PyTic        INFO     Network is disconnected
